-------------------------------------------------------------------------------
Test set: net.javaguides.springboot.SpringbootBackendApplicationTests
-------------------------------------------------------------------------------
Tests run: 1, Failures: 0, Errors: 1, Skipped: 0, Time elapsed: 3.97 s <<< FAILURE! - in net.javaguides.springboot.SpringbootBackendApplicationTests
contextLoads  Time elapsed: 0.009 s  <<< ERROR!
java.lang.IllegalStateException: Failed to load ApplicationContext
Caused by: org.springframework.beans.factory.UnsatisfiedDependencyException: Error creating bean with name 'productoController' defined in file [C:\Users\ivsan\git\repository\springboot-backend\target\classes\net\javaguides\springboot\controller\ProductoController.class]: Unsatisfied dependency expressed through constructor parameter 0; nested exception is org.springframework.beans.factory.UnsatisfiedDependencyException: Error creating bean with name 'productoService': Unsatisfied dependency expressed through field 'mapService'; nested exception is org.springframework.beans.factory.BeanCreationException: Error creating bean with name 'beanMapperService' defined in file [C:\Users\ivsan\git\repository\springboot-backend\target\classes\net\javaguides\springboot\service\mapper\BeanMapperService.class]: Instantiation of bean failed; nested exception is org.springframework.beans.BeanInstantiationException: Failed to instantiate [net.javaguides.springboot.service.mapper.BeanMapperService]: Constructor threw exception; nested exception is java.lang.reflect.InaccessibleObjectException: Unable to make protected native java.lang.Object java.lang.Object.clone() throws java.lang.CloneNotSupportedException accessible: module java.base does not "opens java.lang" to unnamed module @5223e5ee
Caused by: org.springframework.beans.factory.UnsatisfiedDependencyException: Error creating bean with name 'productoService': Unsatisfied dependency expressed through field 'mapService'; nested exception is org.springframework.beans.factory.BeanCreationException: Error creating bean with name 'beanMapperService' defined in file [C:\Users\ivsan\git\repository\springboot-backend\target\classes\net\javaguides\springboot\service\mapper\BeanMapperService.class]: Instantiation of bean failed; nested exception is org.springframework.beans.BeanInstantiationException: Failed to instantiate [net.javaguides.springboot.service.mapper.BeanMapperService]: Constructor threw exception; nested exception is java.lang.reflect.InaccessibleObjectException: Unable to make protected native java.lang.Object java.lang.Object.clone() throws java.lang.CloneNotSupportedException accessible: module java.base does not "opens java.lang" to unnamed module @5223e5ee
Caused by: org.springframework.beans.factory.BeanCreationException: Error creating bean with name 'beanMapperService' defined in file [C:\Users\ivsan\git\repository\springboot-backend\target\classes\net\javaguides\springboot\service\mapper\BeanMapperService.class]: Instantiation of bean failed; nested exception is org.springframework.beans.BeanInstantiationException: Failed to instantiate [net.javaguides.springboot.service.mapper.BeanMapperService]: Constructor threw exception; nested exception is java.lang.reflect.InaccessibleObjectException: Unable to make protected native java.lang.Object java.lang.Object.clone() throws java.lang.CloneNotSupportedException accessible: module java.base does not "opens java.lang" to unnamed module @5223e5ee
Caused by: org.springframework.beans.BeanInstantiationException: Failed to instantiate [net.javaguides.springboot.service.mapper.BeanMapperService]: Constructor threw exception; nested exception is java.lang.reflect.InaccessibleObjectException: Unable to make protected native java.lang.Object java.lang.Object.clone() throws java.lang.CloneNotSupportedException accessible: module java.base does not "opens java.lang" to unnamed module @5223e5ee
Caused by: java.lang.reflect.InaccessibleObjectException: Unable to make protected native java.lang.Object java.lang.Object.clone() throws java.lang.CloneNotSupportedException accessible: module java.base does not "opens java.lang" to unnamed module @5223e5ee

